nohup: ignoring input
2026-03-28 23:53:39.055  INFO 3069338 --- [           main] lavalink.server.Launcher                 : Starting Launcher using Java 17.0.18 on Mesa-Linux with PID 3069338 (/home/steam/dst-discord-chat-sync/lavalink/Lavalink.jar started by steam in /home/steam/dst-discord-chat-sync/lavalink)
2026-03-28 23:53:39.058  INFO 3069338 --- [           main] lavalink.server.Launcher                 : No active profile set, falling back to 1 default profile: "default"
2026-03-28 23:53:39.899  INFO 3069338 --- [           main] lavalink.server.Launcher                 : Started Launcher in 1.369 seconds (JVM running for 1.841)
2026-03-28 23:53:39.901  INFO 3069338 --- [           main] lavalink.server.Launcher                 : You can safely ignore the big red warning about illegal reflection. See https://github.com/lavalink-devs/Lavalink/issues/295
2026-03-28 23:53:39.954  INFO 3069338 --- [           main] lavalink.server.Launcher                 : 

[32m       .  [31m _                  _ _       _    [32m__ _ _
[32m      /\\ [31m| | __ ___   ____ _| (_)_ __ | | __[32m\ \ \ \
[32m     ( ( )[31m| |/ _` \ \ / / _` | | | '_ \| |/ /[32m \ \ \ \
[32m      \\/ [31m| | (_| |\ V / (_| | | | | | |   < [32m  ) ) ) )
[32m       '  [31m|_|\__,_| \_/ \__,_|_|_|_| |_|_|\_\[32m / / / /
[0m    =========================================[32m/_/_/_/[0m

	Version:        3.7.12
	Build time:     05.05.2024 20:58:03 UTC
	Branch          HEAD
	Commit:         98115f4
	Commit time:    05.05.2024 20:43:02 UTC
	JVM:            17.0.18
	Lavaplayer      1.5.4

2026-03-28 23:53:39.963  INFO 3069338 --- [           main] lavalink.server.Launcher                 : No active profile set, falling back to 1 default profile: "default"
2026-03-28 23:53:40.795  WARN 3069338 --- [           main] io.undertow.websockets.jsr               : UT026010: Buffer pool was not set on WebSocketDeploymentInfo, the default pool will be used
2026-03-28 23:53:40.822  INFO 3069338 --- [           main] io.undertow.servlet                      : Initializing Spring embedded WebApplicationContext
2026-03-28 23:53:40.822  INFO 3069338 --- [           main] w.s.c.ServletWebServerApplicationContext : Root WebApplicationContext: initialization completed in 853 ms
2026-03-28 23:53:40.943  INFO 3069338 --- [           main] c.s.d.l.tools.GarbageCollectionMonitor   : GC monitoring enabled, reporting results every 2 minutes.
2026-03-28 23:53:42.234  INFO 3069338 --- [           main] lavalink.server.config.KoeConfiguration  : OS: LINUX, Arch: X86_64
2026-03-28 23:53:42.234  INFO 3069338 --- [           main] lavalink.server.config.KoeConfiguration  : Enabling JDA-NAS
2026-03-28 23:53:42.239  INFO 3069338 --- [           main] c.s.l.c.natives.NativeLibraryLoader      : Native library udpqueue: loading with filter null
2026-03-28 23:53:42.245  INFO 3069338 --- [           main] c.s.l.c.natives.NativeLibraryLoader      : Native library udpqueue: successfully loaded.
2026-03-28 23:53:42.306  WARN 3069338 --- [           main] l.server.config.SentryConfiguration      : Turning off sentry
2026-03-28 23:53:42.554  INFO 3069338 --- [           main] io.undertow                              : starting server: Undertow - 2.2.16.Final
2026-03-28 23:53:42.563  INFO 3069338 --- [           main] org.xnio                                 : XNIO version 3.8.6.Final
2026-03-28 23:53:42.574  INFO 3069338 --- [           main] org.xnio.nio                             : XNIO NIO Implementation Version 3.8.6.Final
2026-03-28 23:53:42.648  INFO 3069338 --- [           main] org.jboss.threads                        : JBoss Threads version 3.1.0.Final
2026-03-28 23:53:42.684  INFO 3069338 --- [           main] o.s.b.w.e.undertow.UndertowWebServer     : Undertow started on port(s) 2333 (http)
2026-03-28 23:53:42.690  INFO 3069338 --- [           main] lavalink.server.Launcher                 : Started Launcher in 2.781 seconds (JVM running for 4.632)
2026-03-28 23:53:42.691  INFO 3069338 --- [           main] lavalink.server.Launcher                 : Lavalink is ready to accept connections.
2026-03-28 23:54:49.683  INFO 3069338 --- [  XNIO-1 task-1] io.undertow.servlet                      : Initializing Spring DispatcherServlet 'dispatcherServlet'
2026-03-28 23:54:49.683  INFO 3069338 --- [  XNIO-1 task-1] o.s.web.servlet.DispatcherServlet        : Initializing Servlet 'dispatcherServlet'
2026-03-28 23:54:49.685  INFO 3069338 --- [  XNIO-1 task-1] o.s.web.servlet.DispatcherServlet        : Completed initialization in 2 ms
2026-03-28 23:54:49.696  WARN 3069338 --- [  XNIO-1 task-1] o.s.web.servlet.PageNotFound             : No mapping for GET /v4/websocket
2026-03-28 23:56:52.723  WARN 3069338 --- [  XNIO-1 task-1] o.s.web.servlet.PageNotFound             : No mapping for GET /v4/websocket
2026-03-29 00:02:27.103  INFO 3069338 --- [ionShutdownHook] io.undertow                              : stopping server: Undertow - 2.2.16.Final
2026-03-29 00:02:27.106  INFO 3069338 --- [ionShutdownHook] io.undertow.servlet                      : Destroying Spring FrameworkServlet 'dispatcherServlet'
2026-03-29 00:02:27.108  INFO 3069338 --- [ionShutdownHook] c.s.d.l.tools.GarbageCollectionMonitor   : GC monitoring disabled.
